Arguments: 
  /usr/local/Cellar/node/16.4.0/bin/node /usr/local/bin/yarn run build

PATH: 
  /Users/tahini/go/bin/:/Users/tahini/.local/bin/:/Users/tahini/.config/bin/:/usr/local/bin:/usr/bin:/bin:/usr/sbin:/sbin

Yarn version: 
  1.22.10

Node version: 
  16.4.0

Platform: 
  darwin x64

Trace: 
  SyntaxError: /Users/tahini/Desktop/Code/resume/package.json: Unexpected token } in JSON at position 430
      at JSON.parse (<anonymous>)
      at /usr/local/lib/node_modules/yarn/lib/cli.js:1625:59
      at Generator.next (<anonymous>)
      at step (/usr/local/lib/node_modules/yarn/lib/cli.js:310:30)
      at /usr/local/lib/node_modules/yarn/lib/cli.js:321:13

npm manifest: 
  {
    "name": "resume",
    "version": "1.0.0",
    "description": "[![MIT Licence](https://badges.frapsoft.com/os/mit/mit.svg?v=103)](https://opensource.org/licenses/mit-license.php)",
    "main": "index.js",
    "devDependencies": {},
    "scripts": {
      "build": "npx hackmyresume build career.json TO build/resume.html build/resume.json build/resume.doc -t ./fresh-resume-theme",
      "analyze": "npx hackmyresume analyze career.json",
    },
    "repository": {
      "type": "git",
      "url": "git+https://github.com/hew/resume.git"
    },
    "keywords": [],
    "author": "",
    "license": "ISC",
    "bugs": {
      "url": "https://github.com/hew/resume/issues"
    },
    "homepage": "https://github.com/hew/resume#readme"
  }

yarn manifest: 
  No manifest

Lockfile: 
  # THIS IS AN AUTOGENERATED FILE. DO NOT EDIT THIS FILE DIRECTLY.
  # yarn lockfile v1
